<?xml version="1.0" encoding="UTF-8"?>
<coverage generated="1654380620428" clover="3.2.0">
  <project timestamp="1654380620428" name="All files">
    <metrics statements="180" coveredstatements="128" conditionals="148" coveredconditionals="73" methods="21" coveredmethods="17" elements="349" coveredelements="218" complexity="0" loc="180" ncloc="180" packages="1" files="2" classes="2"/>
    <file name="routes.js" path="/Users/derek/MCIT/550/Homework 02/server/routes.js">
      <metrics statements="162" coveredstatements="110" conditionals="148" coveredconditionals="73" methods="20" coveredmethods="16"/>
      <line num="4" count="1" type="stmt"/>
      <line num="5" count="1" type="stmt"/>
      <line num="6" count="1" type="stmt"/>
      <line num="7" count="1" type="stmt"/>
      <line num="10" count="1" type="stmt"/>
      <line num="17" count="1" type="stmt"/>
      <line num="27" count="2" type="cond" truecount="2" falsecount="0"/>
      <line num="28" count="1" type="stmt"/>
      <line num="30" count="1" type="stmt"/>
      <line num="41" count="21" type="stmt"/>
      <line num="42" count="21" type="stmt"/>
      <line num="43" count="21" type="cond" truecount="2" falsecount="0"/>
      <line num="45" count="21" type="cond" truecount="2" falsecount="0"/>
      <line num="47" count="10" type="stmt"/>
      <line num="48" count="11" type="cond" truecount="2" falsecount="0"/>
      <line num="49" count="10" type="stmt"/>
      <line num="51" count="10" type="stmt"/>
      <line num="54" count="1" type="stmt"/>
      <line num="70" count="1" type="cond" truecount="1" falsecount="1"/>
      <line num="71" count="1" type="cond" truecount="1" falsecount="1"/>
      <line num="75" count="1" type="cond" truecount="2" falsecount="2"/>
      <line num="79" count="0" type="stmt"/>
      <line num="80" count="0" type="stmt"/>
      <line num="86" count="0" type="cond" truecount="0" falsecount="2"/>
      <line num="87" count="0" type="stmt"/>
      <line num="88" count="0" type="stmt"/>
      <line num="89" count="0" type="cond" truecount="0" falsecount="2"/>
      <line num="90" count="0" type="stmt"/>
      <line num="96" count="1" type="stmt"/>
      <line num="101" count="1" type="cond" truecount="1" falsecount="1"/>
      <line num="102" count="0" type="stmt"/>
      <line num="103" count="0" type="stmt"/>
      <line num="104" count="1" type="cond" truecount="1" falsecount="1"/>
      <line num="105" count="1" type="stmt"/>
      <line num="115" count="1" type="cond" truecount="1" falsecount="1"/>
      <line num="116" count="1" type="cond" truecount="2" falsecount="2"/>
      <line num="117" count="0" type="stmt"/>
      <line num="118" count="0" type="stmt"/>
      <line num="126" count="0" type="cond" truecount="0" falsecount="2"/>
      <line num="127" count="0" type="stmt"/>
      <line num="128" count="0" type="stmt"/>
      <line num="129" count="0" type="cond" truecount="0" falsecount="2"/>
      <line num="130" count="0" type="stmt"/>
      <line num="136" count="1" type="stmt"/>
      <line num="143" count="1" type="cond" truecount="1" falsecount="1"/>
      <line num="144" count="0" type="stmt"/>
      <line num="145" count="0" type="stmt"/>
      <line num="146" count="1" type="cond" truecount="1" falsecount="1"/>
      <line num="147" count="1" type="stmt"/>
      <line num="161" count="1" type="cond" truecount="3" falsecount="1"/>
      <line num="162" count="1" type="stmt"/>
      <line num="173" count="1" type="cond" truecount="1" falsecount="1"/>
      <line num="174" count="0" type="stmt"/>
      <line num="175" count="0" type="stmt"/>
      <line num="176" count="1" type="cond" truecount="1" falsecount="1"/>
      <line num="177" count="1" type="stmt"/>
      <line num="191" count="2" type="stmt"/>
      <line num="192" count="2" type="cond" truecount="3" falsecount="1"/>
      <line num="193" count="2" type="stmt"/>
      <line num="196" count="2" type="stmt"/>
      <line num="197" count="2" type="cond" truecount="1" falsecount="1"/>
      <line num="198" count="0" type="stmt"/>
      <line num="199" count="0" type="stmt"/>
      <line num="200" count="0" type="stmt"/>
      <line num="201" count="2" type="cond" truecount="1" falsecount="1"/>
      <line num="202" count="2" type="cond" truecount="2" falsecount="0"/>
      <line num="203" count="1" type="stmt"/>
      <line num="214" count="1" type="cond" truecount="1" falsecount="1"/>
      <line num="215" count="0" type="stmt"/>
      <line num="216" count="0" type="stmt"/>
      <line num="217" count="1" type="cond" truecount="1" falsecount="1"/>
      <line num="218" count="1" type="stmt"/>
      <line num="223" count="1" type="stmt"/>
      <line num="234" count="1" type="cond" truecount="1" falsecount="1"/>
      <line num="235" count="0" type="stmt"/>
      <line num="236" count="0" type="stmt"/>
      <line num="237" count="1" type="cond" truecount="1" falsecount="1"/>
      <line num="238" count="1" type="stmt"/>
      <line num="243" count="0" type="stmt"/>
      <line num="248" count="0" type="stmt"/>
      <line num="263" count="1" type="stmt"/>
      <line num="267" count="1" type="stmt"/>
      <line num="268" count="1" type="stmt"/>
      <line num="269" count="1" type="stmt"/>
      <line num="272" count="1" type="stmt"/>
      <line num="273" count="1" type="cond" truecount="1" falsecount="1"/>
      <line num="274" count="1" type="stmt"/>
      <line num="275" count="1" type="stmt"/>
      <line num="278" count="1" type="cond" truecount="1" falsecount="1"/>
      <line num="279" count="1" type="cond" truecount="1" falsecount="1"/>
      <line num="280" count="1" type="stmt"/>
      <line num="282" count="1" type="stmt"/>
      <line num="283" count="1" type="stmt"/>
      <line num="286" count="1" type="stmt"/>
      <line num="287" count="1" type="cond" truecount="3" falsecount="3"/>
      <line num="288" count="0" type="stmt"/>
      <line num="291" count="1" type="cond" truecount="2" falsecount="2"/>
      <line num="292" count="1" type="cond" truecount="2" falsecount="2"/>
      <line num="293" count="1" type="stmt"/>
      <line num="297" count="1" type="cond" truecount="1" falsecount="1"/>
      <line num="298" count="0" type="stmt"/>
      <line num="303" count="1" type="cond" truecount="1" falsecount="1"/>
      <line num="305" count="0" type="stmt"/>
      <line num="314" count="0" type="cond" truecount="0" falsecount="2"/>
      <line num="315" count="0" type="stmt"/>
      <line num="316" count="0" type="stmt"/>
      <line num="317" count="0" type="cond" truecount="0" falsecount="2"/>
      <line num="318" count="0" type="stmt"/>
      <line num="324" count="1" type="stmt"/>
      <line num="332" count="1" type="cond" truecount="1" falsecount="1"/>
      <line num="333" count="0" type="stmt"/>
      <line num="334" count="0" type="stmt"/>
      <line num="335" count="1" type="cond" truecount="1" falsecount="1"/>
      <line num="336" count="1" type="stmt"/>
      <line num="349" count="1" type="stmt"/>
      <line num="351" count="1" type="cond" truecount="2" falsecount="2"/>
      <line num="352" count="0" type="stmt"/>
      <line num="355" count="1" type="cond" truecount="2" falsecount="2"/>
      <line num="356" count="0" type="stmt"/>
      <line num="359" count="1" type="cond" truecount="2" falsecount="2"/>
      <line num="360" count="0" type="stmt"/>
      <line num="363" count="1" type="cond" truecount="2" falsecount="2"/>
      <line num="364" count="0" type="stmt"/>
      <line num="367" count="1" type="stmt"/>
      <line num="368" count="1" type="cond" truecount="3" falsecount="3"/>
      <line num="369" count="0" type="stmt"/>
      <line num="373" count="1" type="stmt"/>
      <line num="374" count="1" type="stmt"/>
      <line num="376" count="1" type="cond" truecount="1" falsecount="1"/>
      <line num="377" count="1" type="stmt"/>
      <line num="378" count="1" type="stmt"/>
      <line num="381" count="1" type="cond" truecount="1" falsecount="1"/>
      <line num="382" count="1" type="cond" truecount="1" falsecount="1"/>
      <line num="383" count="1" type="stmt"/>
      <line num="385" count="1" type="stmt"/>
      <line num="386" count="1" type="stmt"/>
      <line num="389" count="1" type="cond" truecount="1" falsecount="1"/>
      <line num="390" count="1" type="cond" truecount="1" falsecount="1"/>
      <line num="391" count="1" type="stmt"/>
      <line num="393" count="1" type="stmt"/>
      <line num="394" count="1" type="stmt"/>
      <line num="397" count="1" type="cond" truecount="1" falsecount="1"/>
      <line num="398" count="1" type="stmt"/>
      <line num="400" count="1" type="stmt"/>
      <line num="401" count="1" type="stmt"/>
      <line num="403" count="1" type="cond" truecount="2" falsecount="2"/>
      <line num="404" count="1" type="cond" truecount="2" falsecount="2"/>
      <line num="405" count="1" type="stmt"/>
      <line num="407" count="1" type="cond" truecount="1" falsecount="1"/>
      <line num="408" count="0" type="stmt"/>
      <line num="417" count="0" type="cond" truecount="0" falsecount="2"/>
      <line num="418" count="0" type="stmt"/>
      <line num="419" count="0" type="stmt"/>
      <line num="420" count="0" type="cond" truecount="0" falsecount="2"/>
      <line num="421" count="0" type="stmt"/>
      <line num="426" count="1" type="stmt"/>
      <line num="434" count="1" type="cond" truecount="1" falsecount="1"/>
      <line num="435" count="0" type="stmt"/>
      <line num="436" count="0" type="stmt"/>
      <line num="437" count="1" type="cond" truecount="1" falsecount="1"/>
      <line num="438" count="1" type="stmt"/>
      <line num="447" count="1" type="stmt"/>
    </file>
    <file name="server.js" path="/Users/derek/MCIT/550/Homework 02/server/server.js">
      <metrics statements="18" coveredstatements="18" conditionals="0" coveredconditionals="0" methods="1" coveredmethods="1"/>
      <line num="1" count="1" type="stmt"/>
      <line num="2" count="1" type="stmt"/>
      <line num="3" count="1" type="stmt"/>
      <line num="6" count="1" type="stmt"/>
      <line num="7" count="1" type="stmt"/>
      <line num="9" count="1" type="stmt"/>
      <line num="12" count="1" type="stmt"/>
      <line num="15" count="1" type="stmt"/>
      <line num="18" count="1" type="stmt"/>
      <line num="21" count="1" type="stmt"/>
      <line num="24" count="1" type="stmt"/>
      <line num="27" count="1" type="stmt"/>
      <line num="30" count="1" type="stmt"/>
      <line num="33" count="1" type="stmt"/>
      <line num="36" count="1" type="stmt"/>
      <line num="42" count="1" type="stmt"/>
      <line num="43" count="1" type="stmt"/>
      <line num="46" count="1" type="stmt"/>
    </file>
  </project>
</coverage>
