{"/Users/derek/MCIT/550/Homework 02/server/routes.js": {"path":"/Users/derek/MCIT/550/Homework 02/server/routes.js","statementMap":{"0":{"start":{"line":4,"column":15},"end":{"line":4,"column":39}},"1":{"start":{"line":5,"column":14},"end":{"line":5,"column":30}},"2":{"start":{"line":6,"column":10},"end":{"line":6,"column":28}},"3":{"start":{"line":7,"column":20},"end":{"line":7,"column":39}},"4":{"start":{"line":10,"column":19},"end":{"line":16,"column":2}},"5":{"start":{"line":17,"column":0},"end":{"line":17,"column":21}},"6":{"start":{"line":27,"column":4},"end":{"line":31,"column":5}},"7":{"start":{"line":28,"column":8},"end":{"line":28,"column":73}},"8":{"start":{"line":30,"column":8},"end":{"line":30,"column":54}},"9":{"start":{"line":41,"column":19},"end":{"line":41,"column":43}},"10":{"start":{"line":42,"column":26},"end":{"line":42,"column":60}},"11":{"start":{"line":43,"column":17},"end":{"line":43,"column":59}},"12":{"start":{"line":45,"column":4},"end":{"line":55,"column":5}},"13":{"start":{"line":47,"column":8},"end":{"line":47,"column":78}},"14":{"start":{"line":48,"column":11},"end":{"line":55,"column":5}},"15":{"start":{"line":49,"column":32},"end":{"line":49,"column":61}},"16":{"start":{"line":51,"column":8},"end":{"line":51,"column":89}},"17":{"start":{"line":54,"column":8},"end":{"line":54,"column":69}},"18":{"start":{"line":70,"column":19},"end":{"line":70,"column":63}},"19":{"start":{"line":71,"column":21},"end":{"line":71,"column":67}},"20":{"start":{"line":75,"column":4},"end":{"line":108,"column":5}},"21":{"start":{"line":79,"column":23},"end":{"line":79,"column":54}},"22":{"start":{"line":80,"column":8},"end":{"line":92,"column":11}},"23":{"start":{"line":86,"column":12},"end":{"line":91,"column":13}},"24":{"start":{"line":87,"column":16},"end":{"line":87,"column":34}},"25":{"start":{"line":88,"column":16},"end":{"line":88,"column":42}},"26":{"start":{"line":89,"column":19},"end":{"line":91,"column":13}},"27":{"start":{"line":90,"column":16},"end":{"line":90,"column":46}},"28":{"start":{"line":96,"column":8},"end":{"line":107,"column":11}},"29":{"start":{"line":101,"column":12},"end":{"line":106,"column":13}},"30":{"start":{"line":102,"column":16},"end":{"line":102,"column":34}},"31":{"start":{"line":103,"column":16},"end":{"line":103,"column":42}},"32":{"start":{"line":104,"column":19},"end":{"line":106,"column":13}},"33":{"start":{"line":105,"column":16},"end":{"line":105,"column":46}},"34":{"start":{"line":115,"column":21},"end":{"line":115,"column":67}},"35":{"start":{"line":116,"column":4},"end":{"line":150,"column":5}},"36":{"start":{"line":117,"column":23},"end":{"line":117,"column":54}},"37":{"start":{"line":118,"column":8},"end":{"line":132,"column":15}},"38":{"start":{"line":126,"column":16},"end":{"line":131,"column":17}},"39":{"start":{"line":127,"column":20},"end":{"line":127,"column":38}},"40":{"start":{"line":128,"column":20},"end":{"line":128,"column":46}},"41":{"start":{"line":129,"column":23},"end":{"line":131,"column":17}},"42":{"start":{"line":130,"column":20},"end":{"line":130,"column":50}},"43":{"start":{"line":136,"column":8},"end":{"line":149,"column":15}},"44":{"start":{"line":143,"column":16},"end":{"line":148,"column":17}},"45":{"start":{"line":144,"column":20},"end":{"line":144,"column":38}},"46":{"start":{"line":145,"column":20},"end":{"line":145,"column":46}},"47":{"start":{"line":146,"column":23},"end":{"line":148,"column":17}},"48":{"start":{"line":147,"column":20},"end":{"line":147,"column":50}},"49":{"start":{"line":161,"column":4},"end":{"line":180,"column":5}},"50":{"start":{"line":162,"column":8},"end":{"line":179,"column":15}},"51":{"start":{"line":173,"column":16},"end":{"line":178,"column":17}},"52":{"start":{"line":174,"column":20},"end":{"line":174,"column":38}},"53":{"start":{"line":175,"column":20},"end":{"line":175,"column":46}},"54":{"start":{"line":176,"column":23},"end":{"line":178,"column":17}},"55":{"start":{"line":177,"column":20},"end":{"line":177,"column":50}},"56":{"start":{"line":191,"column":18},"end":{"line":191,"column":22}},"57":{"start":{"line":192,"column":4},"end":{"line":249,"column":5}},"58":{"start":{"line":193,"column":8},"end":{"line":245,"column":15}},"59":{"start":{"line":196,"column":31},"end":{"line":196,"column":35}},"60":{"start":{"line":197,"column":16},"end":{"line":244,"column":17}},"61":{"start":{"line":198,"column":20},"end":{"line":198,"column":38}},"62":{"start":{"line":199,"column":20},"end":{"line":199,"column":46}},"63":{"start":{"line":200,"column":20},"end":{"line":200,"column":36}},"64":{"start":{"line":201,"column":23},"end":{"line":244,"column":17}},"65":{"start":{"line":202,"column":20},"end":{"line":241,"column":21}},"66":{"start":{"line":203,"column":24},"end":{"line":220,"column":31}},"67":{"start":{"line":214,"column":32},"end":{"line":219,"column":33}},"68":{"start":{"line":215,"column":36},"end":{"line":215,"column":54}},"69":{"start":{"line":216,"column":36},"end":{"line":216,"column":62}},"70":{"start":{"line":217,"column":39},"end":{"line":219,"column":33}},"71":{"start":{"line":218,"column":36},"end":{"line":218,"column":66}},"72":{"start":{"line":223,"column":24},"end":{"line":240,"column":31}},"73":{"start":{"line":234,"column":32},"end":{"line":239,"column":33}},"74":{"start":{"line":235,"column":36},"end":{"line":235,"column":54}},"75":{"start":{"line":236,"column":36},"end":{"line":236,"column":62}},"76":{"start":{"line":237,"column":39},"end":{"line":239,"column":33}},"77":{"start":{"line":238,"column":36},"end":{"line":238,"column":66}},"78":{"start":{"line":243,"column":20},"end":{"line":243,"column":44}},"79":{"start":{"line":248,"column":8},"end":{"line":248,"column":32}},"80":{"start":{"line":263,"column":22},"end":{"line":263,"column":23}},"81":{"start":{"line":267,"column":15},"end":{"line":267,"column":29}},"82":{"start":{"line":268,"column":15},"end":{"line":268,"column":29}},"83":{"start":{"line":269,"column":21},"end":{"line":269,"column":22}},"84":{"start":{"line":272,"column":22},"end":{"line":272,"column":30}},"85":{"start":{"line":273,"column":4},"end":{"line":276,"column":5}},"86":{"start":{"line":274,"column":8},"end":{"line":274,"column":60}},"87":{"start":{"line":275,"column":8},"end":{"line":275,"column":21}},"88":{"start":{"line":278,"column":4},"end":{"line":284,"column":5}},"89":{"start":{"line":279,"column":8},"end":{"line":281,"column":9}},"90":{"start":{"line":280,"column":12},"end":{"line":280,"column":34}},"91":{"start":{"line":282,"column":8},"end":{"line":282,"column":60}},"92":{"start":{"line":283,"column":8},"end":{"line":283,"column":21}},"93":{"start":{"line":286,"column":20},"end":{"line":286,"column":25}},"94":{"start":{"line":287,"column":4},"end":{"line":289,"column":5}},"95":{"start":{"line":288,"column":8},"end":{"line":288,"column":25}},"96":{"start":{"line":291,"column":21},"end":{"line":291,"column":97}},"97":{"start":{"line":292,"column":17},"end":{"line":292,"column":80}},"98":{"start":{"line":293,"column":19},"end":{"line":293,"column":40}},"99":{"start":{"line":297,"column":4},"end":{"line":299,"column":5}},"100":{"start":{"line":298,"column":8},"end":{"line":298,"column":25}},"101":{"start":{"line":303,"column":4},"end":{"line":339,"column":5}},"102":{"start":{"line":305,"column":8},"end":{"line":320,"column":15}},"103":{"start":{"line":314,"column":16},"end":{"line":319,"column":17}},"104":{"start":{"line":315,"column":20},"end":{"line":315,"column":38}},"105":{"start":{"line":316,"column":20},"end":{"line":316,"column":46}},"106":{"start":{"line":317,"column":23},"end":{"line":319,"column":17}},"107":{"start":{"line":318,"column":20},"end":{"line":318,"column":50}},"108":{"start":{"line":324,"column":8},"end":{"line":338,"column":15}},"109":{"start":{"line":332,"column":16},"end":{"line":337,"column":17}},"110":{"start":{"line":333,"column":20},"end":{"line":333,"column":38}},"111":{"start":{"line":334,"column":20},"end":{"line":334,"column":46}},"112":{"start":{"line":335,"column":23},"end":{"line":337,"column":17}},"113":{"start":{"line":336,"column":20},"end":{"line":336,"column":50}},"114":{"start":{"line":349,"column":20},"end":{"line":349,"column":21}},"115":{"start":{"line":349,"column":40},"end":{"line":349,"column":43}},"116":{"start":{"line":349,"column":64},"end":{"line":349,"column":65}},"117":{"start":{"line":349,"column":87},"end":{"line":349,"column":90}},"118":{"start":{"line":351,"column":4},"end":{"line":353,"column":5}},"119":{"start":{"line":352,"column":8},"end":{"line":352,"column":40}},"120":{"start":{"line":355,"column":4},"end":{"line":357,"column":5}},"121":{"start":{"line":356,"column":8},"end":{"line":356,"column":42}},"122":{"start":{"line":359,"column":4},"end":{"line":361,"column":5}},"123":{"start":{"line":360,"column":8},"end":{"line":360,"column":46}},"124":{"start":{"line":363,"column":4},"end":{"line":365,"column":5}},"125":{"start":{"line":364,"column":8},"end":{"line":364,"column":48}},"126":{"start":{"line":367,"column":20},"end":{"line":367,"column":25}},"127":{"start":{"line":368,"column":4},"end":{"line":370,"column":5}},"128":{"start":{"line":369,"column":8},"end":{"line":369,"column":25}},"129":{"start":{"line":373,"column":22},"end":{"line":373,"column":30}},"130":{"start":{"line":374,"column":22},"end":{"line":374,"column":23}},"131":{"start":{"line":376,"column":4},"end":{"line":379,"column":5}},"132":{"start":{"line":377,"column":8},"end":{"line":377,"column":56}},"133":{"start":{"line":378,"column":8},"end":{"line":378,"column":22}},"134":{"start":{"line":381,"column":4},"end":{"line":387,"column":5}},"135":{"start":{"line":382,"column":8},"end":{"line":384,"column":9}},"136":{"start":{"line":383,"column":12},"end":{"line":383,"column":34}},"137":{"start":{"line":385,"column":8},"end":{"line":385,"column":70}},"138":{"start":{"line":386,"column":8},"end":{"line":386,"column":22}},"139":{"start":{"line":389,"column":4},"end":{"line":395,"column":5}},"140":{"start":{"line":390,"column":8},"end":{"line":392,"column":9}},"141":{"start":{"line":391,"column":12},"end":{"line":391,"column":34}},"142":{"start":{"line":393,"column":8},"end":{"line":393,"column":56}},"143":{"start":{"line":394,"column":8},"end":{"line":394,"column":22}},"144":{"start":{"line":397,"column":4},"end":{"line":399,"column":5}},"145":{"start":{"line":398,"column":8},"end":{"line":398,"column":30}},"146":{"start":{"line":400,"column":4},"end":{"line":400,"column":91}},"147":{"start":{"line":401,"column":4},"end":{"line":401,"column":84}},"148":{"start":{"line":403,"column":21},"end":{"line":403,"column":97}},"149":{"start":{"line":404,"column":17},"end":{"line":404,"column":80}},"150":{"start":{"line":405,"column":19},"end":{"line":405,"column":40}},"151":{"start":{"line":407,"column":4},"end":{"line":441,"column":5}},"152":{"start":{"line":408,"column":8},"end":{"line":423,"column":15}},"153":{"start":{"line":417,"column":16},"end":{"line":422,"column":17}},"154":{"start":{"line":418,"column":20},"end":{"line":418,"column":38}},"155":{"start":{"line":419,"column":20},"end":{"line":419,"column":46}},"156":{"start":{"line":420,"column":23},"end":{"line":422,"column":17}},"157":{"start":{"line":421,"column":20},"end":{"line":421,"column":50}},"158":{"start":{"line":426,"column":8},"end":{"line":440,"column":15}},"159":{"start":{"line":434,"column":16},"end":{"line":439,"column":17}},"160":{"start":{"line":435,"column":20},"end":{"line":435,"column":38}},"161":{"start":{"line":436,"column":20},"end":{"line":436,"column":46}},"162":{"start":{"line":437,"column":23},"end":{"line":439,"column":17}},"163":{"start":{"line":438,"column":20},"end":{"line":438,"column":50}},"164":{"start":{"line":447,"column":0},"end":{"line":456,"column":1}}},"fnMap":{"0":{"name":"hello","decl":{"start":{"line":25,"column":15},"end":{"line":25,"column":20}},"loc":{"start":{"line":25,"column":31},"end":{"line":32,"column":1}},"line":25},"1":{"name":"jersey","decl":{"start":{"line":40,"column":15},"end":{"line":40,"column":21}},"loc":{"start":{"line":40,"column":32},"end":{"line":56,"column":1}},"line":40},"2":{"name":"all_matches","decl":{"start":{"line":64,"column":15},"end":{"line":64,"column":26}},"loc":{"start":{"line":64,"column":37},"end":{"line":109,"column":1}},"line":64},"3":{"name":"(anonymous_3)","decl":{"start":{"line":84,"column":39},"end":{"line":84,"column":40}},"loc":{"start":{"line":84,"column":73},"end":{"line":92,"column":9}},"line":84},"4":{"name":"(anonymous_4)","decl":{"start":{"line":99,"column":38},"end":{"line":99,"column":39}},"loc":{"start":{"line":99,"column":72},"end":{"line":107,"column":9}},"line":99},"5":{"name":"all_players","decl":{"start":{"line":112,"column":15},"end":{"line":112,"column":26}},"loc":{"start":{"line":112,"column":37},"end":{"line":151,"column":1}},"line":112},"6":{"name":"(anonymous_6)","decl":{"start":{"line":124,"column":15},"end":{"line":124,"column":16}},"loc":{"start":{"line":124,"column":49},"end":{"line":132,"column":13}},"line":124},"7":{"name":"(anonymous_7)","decl":{"start":{"line":141,"column":15},"end":{"line":141,"column":16}},"loc":{"start":{"line":141,"column":49},"end":{"line":149,"column":13}},"line":141},"8":{"name":"match","decl":{"start":{"line":159,"column":15},"end":{"line":159,"column":20}},"loc":{"start":{"line":159,"column":31},"end":{"line":182,"column":1}},"line":159},"9":{"name":"(anonymous_9)","decl":{"start":{"line":172,"column":15},"end":{"line":172,"column":16}},"loc":{"start":{"line":172,"column":49},"end":{"line":179,"column":13}},"line":172},"10":{"name":"player","decl":{"start":{"line":189,"column":15},"end":{"line":189,"column":21}},"loc":{"start":{"line":189,"column":32},"end":{"line":250,"column":1}},"line":189},"11":{"name":"(anonymous_11)","decl":{"start":{"line":195,"column":12},"end":{"line":195,"column":13}},"loc":{"start":{"line":195,"column":46},"end":{"line":245,"column":13}},"line":195},"12":{"name":"(anonymous_12)","decl":{"start":{"line":213,"column":31},"end":{"line":213,"column":32}},"loc":{"start":{"line":213,"column":65},"end":{"line":220,"column":29}},"line":213},"13":{"name":"(anonymous_13)","decl":{"start":{"line":233,"column":31},"end":{"line":233,"column":32}},"loc":{"start":{"line":233,"column":65},"end":{"line":240,"column":29}},"line":233},"14":{"name":"search_matches","decl":{"start":{"line":258,"column":15},"end":{"line":258,"column":29}},"loc":{"start":{"line":258,"column":40},"end":{"line":341,"column":1}},"line":258},"15":{"name":"(anonymous_15)","decl":{"start":{"line":313,"column":15},"end":{"line":313,"column":16}},"loc":{"start":{"line":313,"column":49},"end":{"line":320,"column":13}},"line":313},"16":{"name":"(anonymous_16)","decl":{"start":{"line":331,"column":15},"end":{"line":331,"column":16}},"loc":{"start":{"line":331,"column":49},"end":{"line":338,"column":13}},"line":331},"17":{"name":"search_players","decl":{"start":{"line":344,"column":15},"end":{"line":344,"column":29}},"loc":{"start":{"line":344,"column":40},"end":{"line":445,"column":1}},"line":344},"18":{"name":"(anonymous_18)","decl":{"start":{"line":416,"column":15},"end":{"line":416,"column":16}},"loc":{"start":{"line":416,"column":49},"end":{"line":423,"column":13}},"line":416},"19":{"name":"(anonymous_19)","decl":{"start":{"line":433,"column":15},"end":{"line":433,"column":16}},"loc":{"start":{"line":433,"column":49},"end":{"line":440,"column":13}},"line":433}},"branchMap":{"0":{"loc":{"start":{"line":27,"column":4},"end":{"line":31,"column":5}},"type":"if","locations":[{"start":{"line":27,"column":4},"end":{"line":31,"column":5}},{"start":{"line":27,"column":4},"end":{"line":31,"column":5}}],"line":27},"1":{"loc":{"start":{"line":43,"column":17},"end":{"line":43,"column":59}},"type":"cond-expr","locations":[{"start":{"line":43,"column":34},"end":{"line":43,"column":48}},{"start":{"line":43,"column":51},"end":{"line":43,"column":59}}],"line":43},"2":{"loc":{"start":{"line":45,"column":4},"end":{"line":55,"column":5}},"type":"if","locations":[{"start":{"line":45,"column":4},"end":{"line":55,"column":5}},{"start":{"line":45,"column":4},"end":{"line":55,"column":5}}],"line":45},"3":{"loc":{"start":{"line":48,"column":11},"end":{"line":55,"column":5}},"type":"if","locations":[{"start":{"line":48,"column":11},"end":{"line":55,"column":5}},{"start":{"line":48,"column":11},"end":{"line":55,"column":5}}],"line":48},"4":{"loc":{"start":{"line":70,"column":19},"end":{"line":70,"column":63}},"type":"cond-expr","locations":[{"start":{"line":70,"column":39},"end":{"line":70,"column":56}},{"start":{"line":70,"column":59},"end":{"line":70,"column":63}}],"line":70},"5":{"loc":{"start":{"line":71,"column":21},"end":{"line":71,"column":67}},"type":"cond-expr","locations":[{"start":{"line":71,"column":42},"end":{"line":71,"column":60}},{"start":{"line":71,"column":63},"end":{"line":71,"column":67}}],"line":71},"6":{"loc":{"start":{"line":75,"column":4},"end":{"line":108,"column":5}},"type":"if","locations":[{"start":{"line":75,"column":4},"end":{"line":108,"column":5}},{"start":{"line":75,"column":4},"end":{"line":108,"column":5}}],"line":75},"7":{"loc":{"start":{"line":75,"column":8},"end":{"line":75,"column":48}},"type":"binary-expr","locations":[{"start":{"line":75,"column":8},"end":{"line":75,"column":22}},{"start":{"line":75,"column":26},"end":{"line":75,"column":48}}],"line":75},"8":{"loc":{"start":{"line":86,"column":12},"end":{"line":91,"column":13}},"type":"if","locations":[{"start":{"line":86,"column":12},"end":{"line":91,"column":13}},{"start":{"line":86,"column":12},"end":{"line":91,"column":13}}],"line":86},"9":{"loc":{"start":{"line":89,"column":19},"end":{"line":91,"column":13}},"type":"if","locations":[{"start":{"line":89,"column":19},"end":{"line":91,"column":13}},{"start":{"line":89,"column":19},"end":{"line":91,"column":13}}],"line":89},"10":{"loc":{"start":{"line":101,"column":12},"end":{"line":106,"column":13}},"type":"if","locations":[{"start":{"line":101,"column":12},"end":{"line":106,"column":13}},{"start":{"line":101,"column":12},"end":{"line":106,"column":13}}],"line":101},"11":{"loc":{"start":{"line":104,"column":19},"end":{"line":106,"column":13}},"type":"if","locations":[{"start":{"line":104,"column":19},"end":{"line":106,"column":13}},{"start":{"line":104,"column":19},"end":{"line":106,"column":13}}],"line":104},"12":{"loc":{"start":{"line":115,"column":21},"end":{"line":115,"column":67}},"type":"cond-expr","locations":[{"start":{"line":115,"column":42},"end":{"line":115,"column":60}},{"start":{"line":115,"column":63},"end":{"line":115,"column":67}}],"line":115},"13":{"loc":{"start":{"line":116,"column":4},"end":{"line":150,"column":5}},"type":"if","locations":[{"start":{"line":116,"column":4},"end":{"line":150,"column":5}},{"start":{"line":116,"column":4},"end":{"line":150,"column":5}}],"line":116},"14":{"loc":{"start":{"line":116,"column":8},"end":{"line":116,"column":48}},"type":"binary-expr","locations":[{"start":{"line":116,"column":8},"end":{"line":116,"column":22}},{"start":{"line":116,"column":26},"end":{"line":116,"column":48}}],"line":116},"15":{"loc":{"start":{"line":126,"column":16},"end":{"line":131,"column":17}},"type":"if","locations":[{"start":{"line":126,"column":16},"end":{"line":131,"column":17}},{"start":{"line":126,"column":16},"end":{"line":131,"column":17}}],"line":126},"16":{"loc":{"start":{"line":129,"column":23},"end":{"line":131,"column":17}},"type":"if","locations":[{"start":{"line":129,"column":23},"end":{"line":131,"column":17}},{"start":{"line":129,"column":23},"end":{"line":131,"column":17}}],"line":129},"17":{"loc":{"start":{"line":143,"column":16},"end":{"line":148,"column":17}},"type":"if","locations":[{"start":{"line":143,"column":16},"end":{"line":148,"column":17}},{"start":{"line":143,"column":16},"end":{"line":148,"column":17}}],"line":143},"18":{"loc":{"start":{"line":146,"column":23},"end":{"line":148,"column":17}},"type":"if","locations":[{"start":{"line":146,"column":23},"end":{"line":148,"column":17}},{"start":{"line":146,"column":23},"end":{"line":148,"column":17}}],"line":146},"19":{"loc":{"start":{"line":161,"column":4},"end":{"line":180,"column":5}},"type":"if","locations":[{"start":{"line":161,"column":4},"end":{"line":180,"column":5}},{"start":{"line":161,"column":4},"end":{"line":180,"column":5}}],"line":161},"20":{"loc":{"start":{"line":161,"column":8},"end":{"line":161,"column":44}},"type":"binary-expr","locations":[{"start":{"line":161,"column":8},"end":{"line":161,"column":20}},{"start":{"line":161,"column":24},"end":{"line":161,"column":44}}],"line":161},"21":{"loc":{"start":{"line":173,"column":16},"end":{"line":178,"column":17}},"type":"if","locations":[{"start":{"line":173,"column":16},"end":{"line":178,"column":17}},{"start":{"line":173,"column":16},"end":{"line":178,"column":17}}],"line":173},"22":{"loc":{"start":{"line":176,"column":23},"end":{"line":178,"column":17}},"type":"if","locations":[{"start":{"line":176,"column":23},"end":{"line":178,"column":17}},{"start":{"line":176,"column":23},"end":{"line":178,"column":17}}],"line":176},"23":{"loc":{"start":{"line":192,"column":4},"end":{"line":249,"column":5}},"type":"if","locations":[{"start":{"line":192,"column":4},"end":{"line":249,"column":5}},{"start":{"line":192,"column":4},"end":{"line":249,"column":5}}],"line":192},"24":{"loc":{"start":{"line":192,"column":8},"end":{"line":192,"column":44}},"type":"binary-expr","locations":[{"start":{"line":192,"column":8},"end":{"line":192,"column":20}},{"start":{"line":192,"column":24},"end":{"line":192,"column":44}}],"line":192},"25":{"loc":{"start":{"line":197,"column":16},"end":{"line":244,"column":17}},"type":"if","locations":[{"start":{"line":197,"column":16},"end":{"line":244,"column":17}},{"start":{"line":197,"column":16},"end":{"line":244,"column":17}}],"line":197},"26":{"loc":{"start":{"line":201,"column":23},"end":{"line":244,"column":17}},"type":"if","locations":[{"start":{"line":201,"column":23},"end":{"line":244,"column":17}},{"start":{"line":201,"column":23},"end":{"line":244,"column":17}}],"line":201},"27":{"loc":{"start":{"line":202,"column":20},"end":{"line":241,"column":21}},"type":"if","locations":[{"start":{"line":202,"column":20},"end":{"line":241,"column":21}},{"start":{"line":202,"column":20},"end":{"line":241,"column":21}}],"line":202},"28":{"loc":{"start":{"line":214,"column":32},"end":{"line":219,"column":33}},"type":"if","locations":[{"start":{"line":214,"column":32},"end":{"line":219,"column":33}},{"start":{"line":214,"column":32},"end":{"line":219,"column":33}}],"line":214},"29":{"loc":{"start":{"line":217,"column":39},"end":{"line":219,"column":33}},"type":"if","locations":[{"start":{"line":217,"column":39},"end":{"line":219,"column":33}},{"start":{"line":217,"column":39},"end":{"line":219,"column":33}}],"line":217},"30":{"loc":{"start":{"line":234,"column":32},"end":{"line":239,"column":33}},"type":"if","locations":[{"start":{"line":234,"column":32},"end":{"line":239,"column":33}},{"start":{"line":234,"column":32},"end":{"line":239,"column":33}}],"line":234},"31":{"loc":{"start":{"line":237,"column":39},"end":{"line":239,"column":33}},"type":"if","locations":[{"start":{"line":237,"column":39},"end":{"line":239,"column":33}},{"start":{"line":237,"column":39},"end":{"line":239,"column":33}}],"line":237},"32":{"loc":{"start":{"line":273,"column":4},"end":{"line":276,"column":5}},"type":"if","locations":[{"start":{"line":273,"column":4},"end":{"line":276,"column":5}},{"start":{"line":273,"column":4},"end":{"line":276,"column":5}}],"line":273},"33":{"loc":{"start":{"line":278,"column":4},"end":{"line":284,"column":5}},"type":"if","locations":[{"start":{"line":278,"column":4},"end":{"line":284,"column":5}},{"start":{"line":278,"column":4},"end":{"line":284,"column":5}}],"line":278},"34":{"loc":{"start":{"line":279,"column":8},"end":{"line":281,"column":9}},"type":"if","locations":[{"start":{"line":279,"column":8},"end":{"line":281,"column":9}},{"start":{"line":279,"column":8},"end":{"line":281,"column":9}}],"line":279},"35":{"loc":{"start":{"line":287,"column":4},"end":{"line":289,"column":5}},"type":"if","locations":[{"start":{"line":287,"column":4},"end":{"line":289,"column":5}},{"start":{"line":287,"column":4},"end":{"line":289,"column":5}}],"line":287},"36":{"loc":{"start":{"line":287,"column":7},"end":{"line":287,"column":99}},"type":"binary-expr","locations":[{"start":{"line":287,"column":7},"end":{"line":287,"column":25}},{"start":{"line":287,"column":29},"end":{"line":287,"column":55}},{"start":{"line":287,"column":59},"end":{"line":287,"column":73}},{"start":{"line":287,"column":77},"end":{"line":287,"column":99}}],"line":287},"37":{"loc":{"start":{"line":291,"column":21},"end":{"line":291,"column":97}},"type":"cond-expr","locations":[{"start":{"line":291,"column":72},"end":{"line":291,"column":90}},{"start":{"line":291,"column":93},"end":{"line":291,"column":97}}],"line":291},"38":{"loc":{"start":{"line":291,"column":21},"end":{"line":291,"column":69}},"type":"binary-expr","locations":[{"start":{"line":291,"column":21},"end":{"line":291,"column":39}},{"start":{"line":291,"column":43},"end":{"line":291,"column":69}}],"line":291},"39":{"loc":{"start":{"line":292,"column":17},"end":{"line":292,"column":80}},"type":"cond-expr","locations":[{"start":{"line":292,"column":60},"end":{"line":292,"column":74}},{"start":{"line":292,"column":77},"end":{"line":292,"column":80}}],"line":292},"40":{"loc":{"start":{"line":292,"column":17},"end":{"line":292,"column":57}},"type":"binary-expr","locations":[{"start":{"line":292,"column":17},"end":{"line":292,"column":31}},{"start":{"line":292,"column":35},"end":{"line":292,"column":57}}],"line":292},"41":{"loc":{"start":{"line":297,"column":4},"end":{"line":299,"column":5}},"type":"if","locations":[{"start":{"line":297,"column":4},"end":{"line":299,"column":5}},{"start":{"line":297,"column":4},"end":{"line":299,"column":5}}],"line":297},"42":{"loc":{"start":{"line":303,"column":4},"end":{"line":339,"column":5}},"type":"if","locations":[{"start":{"line":303,"column":4},"end":{"line":339,"column":5}},{"start":{"line":303,"column":4},"end":{"line":339,"column":5}}],"line":303},"43":{"loc":{"start":{"line":314,"column":16},"end":{"line":319,"column":17}},"type":"if","locations":[{"start":{"line":314,"column":16},"end":{"line":319,"column":17}},{"start":{"line":314,"column":16},"end":{"line":319,"column":17}}],"line":314},"44":{"loc":{"start":{"line":317,"column":23},"end":{"line":319,"column":17}},"type":"if","locations":[{"start":{"line":317,"column":23},"end":{"line":319,"column":17}},{"start":{"line":317,"column":23},"end":{"line":319,"column":17}}],"line":317},"45":{"loc":{"start":{"line":332,"column":16},"end":{"line":337,"column":17}},"type":"if","locations":[{"start":{"line":332,"column":16},"end":{"line":337,"column":17}},{"start":{"line":332,"column":16},"end":{"line":337,"column":17}}],"line":332},"46":{"loc":{"start":{"line":335,"column":23},"end":{"line":337,"column":17}},"type":"if","locations":[{"start":{"line":335,"column":23},"end":{"line":337,"column":17}},{"start":{"line":335,"column":23},"end":{"line":337,"column":17}}],"line":335},"47":{"loc":{"start":{"line":351,"column":4},"end":{"line":353,"column":5}},"type":"if","locations":[{"start":{"line":351,"column":4},"end":{"line":353,"column":5}},{"start":{"line":351,"column":4},"end":{"line":353,"column":5}}],"line":351},"48":{"loc":{"start":{"line":351,"column":8},"end":{"line":351,"column":58}},"type":"binary-expr","locations":[{"start":{"line":351,"column":8},"end":{"line":351,"column":27}},{"start":{"line":351,"column":31},"end":{"line":351,"column":58}}],"line":351},"49":{"loc":{"start":{"line":355,"column":4},"end":{"line":357,"column":5}},"type":"if","locations":[{"start":{"line":355,"column":4},"end":{"line":357,"column":5}},{"start":{"line":355,"column":4},"end":{"line":357,"column":5}}],"line":355},"50":{"loc":{"start":{"line":355,"column":8},"end":{"line":355,"column":60}},"type":"binary-expr","locations":[{"start":{"line":355,"column":8},"end":{"line":355,"column":28}},{"start":{"line":355,"column":32},"end":{"line":355,"column":60}}],"line":355},"51":{"loc":{"start":{"line":359,"column":4},"end":{"line":361,"column":5}},"type":"if","locations":[{"start":{"line":359,"column":4},"end":{"line":361,"column":5}},{"start":{"line":359,"column":4},"end":{"line":361,"column":5}}],"line":359},"52":{"loc":{"start":{"line":359,"column":8},"end":{"line":359,"column":64}},"type":"binary-expr","locations":[{"start":{"line":359,"column":8},"end":{"line":359,"column":30}},{"start":{"line":359,"column":34},"end":{"line":359,"column":64}}],"line":359},"53":{"loc":{"start":{"line":363,"column":4},"end":{"line":365,"column":5}},"type":"if","locations":[{"start":{"line":363,"column":4},"end":{"line":365,"column":5}},{"start":{"line":363,"column":4},"end":{"line":365,"column":5}}],"line":363},"54":{"loc":{"start":{"line":363,"column":8},"end":{"line":363,"column":66}},"type":"binary-expr","locations":[{"start":{"line":363,"column":8},"end":{"line":363,"column":31}},{"start":{"line":363,"column":35},"end":{"line":363,"column":66}}],"line":363},"55":{"loc":{"start":{"line":368,"column":4},"end":{"line":370,"column":5}},"type":"if","locations":[{"start":{"line":368,"column":4},"end":{"line":370,"column":5}},{"start":{"line":368,"column":4},"end":{"line":370,"column":5}}],"line":368},"56":{"loc":{"start":{"line":368,"column":7},"end":{"line":368,"column":99}},"type":"binary-expr","locations":[{"start":{"line":368,"column":7},"end":{"line":368,"column":25}},{"start":{"line":368,"column":29},"end":{"line":368,"column":55}},{"start":{"line":368,"column":59},"end":{"line":368,"column":73}},{"start":{"line":368,"column":77},"end":{"line":368,"column":99}}],"line":368},"57":{"loc":{"start":{"line":376,"column":4},"end":{"line":379,"column":5}},"type":"if","locations":[{"start":{"line":376,"column":4},"end":{"line":379,"column":5}},{"start":{"line":376,"column":4},"end":{"line":379,"column":5}}],"line":376},"58":{"loc":{"start":{"line":381,"column":4},"end":{"line":387,"column":5}},"type":"if","locations":[{"start":{"line":381,"column":4},"end":{"line":387,"column":5}},{"start":{"line":381,"column":4},"end":{"line":387,"column":5}}],"line":381},"59":{"loc":{"start":{"line":382,"column":8},"end":{"line":384,"column":9}},"type":"if","locations":[{"start":{"line":382,"column":8},"end":{"line":384,"column":9}},{"start":{"line":382,"column":8},"end":{"line":384,"column":9}}],"line":382},"60":{"loc":{"start":{"line":389,"column":4},"end":{"line":395,"column":5}},"type":"if","locations":[{"start":{"line":389,"column":4},"end":{"line":395,"column":5}},{"start":{"line":389,"column":4},"end":{"line":395,"column":5}}],"line":389},"61":{"loc":{"start":{"line":390,"column":8},"end":{"line":392,"column":9}},"type":"if","locations":[{"start":{"line":390,"column":8},"end":{"line":392,"column":9}},{"start":{"line":390,"column":8},"end":{"line":392,"column":9}}],"line":390},"62":{"loc":{"start":{"line":397,"column":4},"end":{"line":399,"column":5}},"type":"if","locations":[{"start":{"line":397,"column":4},"end":{"line":399,"column":5}},{"start":{"line":397,"column":4},"end":{"line":399,"column":5}}],"line":397},"63":{"loc":{"start":{"line":403,"column":21},"end":{"line":403,"column":97}},"type":"cond-expr","locations":[{"start":{"line":403,"column":72},"end":{"line":403,"column":90}},{"start":{"line":403,"column":93},"end":{"line":403,"column":97}}],"line":403},"64":{"loc":{"start":{"line":403,"column":21},"end":{"line":403,"column":69}},"type":"binary-expr","locations":[{"start":{"line":403,"column":21},"end":{"line":403,"column":39}},{"start":{"line":403,"column":43},"end":{"line":403,"column":69}}],"line":403},"65":{"loc":{"start":{"line":404,"column":17},"end":{"line":404,"column":80}},"type":"cond-expr","locations":[{"start":{"line":404,"column":60},"end":{"line":404,"column":74}},{"start":{"line":404,"column":77},"end":{"line":404,"column":80}}],"line":404},"66":{"loc":{"start":{"line":404,"column":17},"end":{"line":404,"column":57}},"type":"binary-expr","locations":[{"start":{"line":404,"column":17},"end":{"line":404,"column":31}},{"start":{"line":404,"column":35},"end":{"line":404,"column":57}}],"line":404},"67":{"loc":{"start":{"line":407,"column":4},"end":{"line":441,"column":5}},"type":"if","locations":[{"start":{"line":407,"column":4},"end":{"line":441,"column":5}},{"start":{"line":407,"column":4},"end":{"line":441,"column":5}}],"line":407},"68":{"loc":{"start":{"line":417,"column":16},"end":{"line":422,"column":17}},"type":"if","locations":[{"start":{"line":417,"column":16},"end":{"line":422,"column":17}},{"start":{"line":417,"column":16},"end":{"line":422,"column":17}}],"line":417},"69":{"loc":{"start":{"line":420,"column":23},"end":{"line":422,"column":17}},"type":"if","locations":[{"start":{"line":420,"column":23},"end":{"line":422,"column":17}},{"start":{"line":420,"column":23},"end":{"line":422,"column":17}}],"line":420},"70":{"loc":{"start":{"line":434,"column":16},"end":{"line":439,"column":17}},"type":"if","locations":[{"start":{"line":434,"column":16},"end":{"line":439,"column":17}},{"start":{"line":434,"column":16},"end":{"line":439,"column":17}}],"line":434},"71":{"loc":{"start":{"line":437,"column":23},"end":{"line":439,"column":17}},"type":"if","locations":[{"start":{"line":437,"column":23},"end":{"line":439,"column":17}},{"start":{"line":437,"column":23},"end":{"line":439,"column":17}}],"line":437}},"s":{"0":1,"1":1,"2":1,"3":1,"4":1,"5":1,"6":2,"7":1,"8":1,"9":21,"10":21,"11":21,"12":21,"13":10,"14":11,"15":10,"16":10,"17":1,"18":1,"19":1,"20":1,"21":0,"22":0,"23":0,"24":0,"25":0,"26":0,"27":0,"28":1,"29":1,"30":0,"31":0,"32":1,"33":1,"34":1,"35":1,"36":0,"37":0,"38":0,"39":0,"40":0,"41":0,"42":0,"43":1,"44":1,"45":0,"46":0,"47":1,"48":1,"49":1,"50":1,"51":1,"52":0,"53":0,"54":1,"55":1,"56":2,"57":2,"58":2,"59":2,"60":2,"61":0,"62":0,"63":0,"64":2,"65":2,"66":1,"67":1,"68":0,"69":0,"70":1,"71":1,"72":1,"73":1,"74":0,"75":0,"76":1,"77":1,"78":0,"79":0,"80":1,"81":1,"82":1,"83":1,"84":1,"85":1,"86":1,"87":1,"88":1,"89":1,"90":1,"91":1,"92":1,"93":1,"94":1,"95":0,"96":1,"97":1,"98":1,"99":1,"100":0,"101":1,"102":0,"103":0,"104":0,"105":0,"106":0,"107":0,"108":1,"109":1,"110":0,"111":0,"112":1,"113":1,"114":1,"115":1,"116":1,"117":1,"118":1,"119":0,"120":1,"121":0,"122":1,"123":0,"124":1,"125":0,"126":1,"127":1,"128":0,"129":1,"130":1,"131":1,"132":1,"133":1,"134":1,"135":1,"136":1,"137":1,"138":1,"139":1,"140":1,"141":1,"142":1,"143":1,"144":1,"145":1,"146":1,"147":1,"148":1,"149":1,"150":1,"151":1,"152":0,"153":0,"154":0,"155":0,"156":0,"157":0,"158":1,"159":1,"160":0,"161":0,"162":1,"163":1,"164":1},"f":{"0":2,"1":21,"2":1,"3":0,"4":1,"5":1,"6":0,"7":1,"8":1,"9":1,"10":2,"11":2,"12":1,"13":1,"14":1,"15":0,"16":1,"17":1,"18":0,"19":1},"b":{"0":[1,1],"1":[10,11],"2":[10,11],"3":[10,1],"4":[1,0],"5":[0,1],"6":[0,1],"7":[1,0],"8":[0,0],"9":[0,0],"10":[0,1],"11":[1,0],"12":[0,1],"13":[0,1],"14":[1,0],"15":[0,0],"16":[0,0],"17":[0,1],"18":[1,0],"19":[1,0],"20":[1,1],"21":[0,1],"22":[1,0],"23":[2,0],"24":[2,2],"25":[0,2],"26":[2,0],"27":[1,1],"28":[0,1],"29":[1,0],"30":[0,1],"31":[1,0],"32":[1,0],"33":[1,0],"34":[1,0],"35":[0,1],"36":[1,0,1,0],"37":[0,1],"38":[1,0],"39":[0,1],"40":[1,0],"41":[0,1],"42":[0,1],"43":[0,0],"44":[0,0],"45":[0,1],"46":[1,0],"47":[0,1],"48":[1,0],"49":[0,1],"50":[1,0],"51":[0,1],"52":[1,0],"53":[0,1],"54":[1,0],"55":[0,1],"56":[1,0,1,0],"57":[1,0],"58":[1,0],"59":[1,0],"60":[1,0],"61":[1,0],"62":[1,0],"63":[0,1],"64":[1,0],"65":[0,1],"66":[1,0],"67":[0,1],"68":[0,0],"69":[0,0],"70":[0,1],"71":[1,0]},"_coverageSchema":"1a1c01bbd47fc00a2c39e90264f33305004495a9","hash":"5172fe6dfc717a5819a7e18d04f9aec675fe2af7"}
,"/Users/derek/MCIT/550/Homework 02/server/server.js": {"path":"/Users/derek/MCIT/550/Homework 02/server/server.js","statementMap":{"0":{"start":{"line":1,"column":16},"end":{"line":1,"column":34}},"1":{"start":{"line":2,"column":19},"end":{"line":2,"column":35}},"2":{"start":{"line":3,"column":11},"end":{"line":3,"column":26}},"3":{"start":{"line":6,"column":15},"end":{"line":6,"column":34}},"4":{"start":{"line":7,"column":15},"end":{"line":7,"column":39}},"5":{"start":{"line":9,"column":12},"end":{"line":9,"column":21}},"6":{"start":{"line":12,"column":0},"end":{"line":12,"column":72}},"7":{"start":{"line":15,"column":0},"end":{"line":15,"column":31}},"8":{"start":{"line":18,"column":0},"end":{"line":18,"column":41}},"9":{"start":{"line":21,"column":0},"end":{"line":21,"column":47}},"10":{"start":{"line":24,"column":0},"end":{"line":24,"column":39}},"11":{"start":{"line":27,"column":0},"end":{"line":27,"column":31}},"12":{"start":{"line":30,"column":0},"end":{"line":30,"column":33}},"13":{"start":{"line":33,"column":0},"end":{"line":33,"column":49}},"14":{"start":{"line":36,"column":0},"end":{"line":36,"column":49}},"15":{"start":{"line":42,"column":0},"end":{"line":44,"column":3}},"16":{"start":{"line":43,"column":4},"end":{"line":43,"column":89}},"17":{"start":{"line":46,"column":0},"end":{"line":46,"column":21}}},"fnMap":{"0":{"name":"(anonymous_0)","decl":{"start":{"line":42,"column":31},"end":{"line":42,"column":32}},"loc":{"start":{"line":42,"column":37},"end":{"line":44,"column":1}},"line":42}},"branchMap":{},"s":{"0":1,"1":1,"2":1,"3":1,"4":1,"5":1,"6":1,"7":1,"8":1,"9":1,"10":1,"11":1,"12":1,"13":1,"14":1,"15":1,"16":1,"17":1},"f":{"0":1},"b":{},"_coverageSchema":"1a1c01bbd47fc00a2c39e90264f33305004495a9","hash":"e56d83762cee6b0087b20d71fc436d21734d2754"}
}
