TN:
SF:routes.js
FN:25,hello
FN:40,jersey
FN:64,all_matches
FN:84,(anonymous_3)
FN:99,(anonymous_4)
FN:112,all_players
FN:124,(anonymous_6)
FN:141,(anonymous_7)
FN:159,match
FN:172,(anonymous_9)
FN:189,player
FN:195,(anonymous_11)
FN:213,(anonymous_12)
FN:233,(anonymous_13)
FN:258,search_matches
FN:313,(anonymous_15)
FN:331,(anonymous_16)
FN:344,search_players
FN:416,(anonymous_18)
FN:433,(anonymous_19)
FNF:20
FNH:16
FNDA:2,hello
FNDA:21,jersey
FNDA:1,all_matches
FNDA:0,(anonymous_3)
FNDA:1,(anonymous_4)
FNDA:1,all_players
FNDA:0,(anonymous_6)
FNDA:1,(anonymous_7)
FNDA:1,match
FNDA:1,(anonymous_9)
FNDA:2,player
FNDA:2,(anonymous_11)
FNDA:1,(anonymous_12)
FNDA:1,(anonymous_13)
FNDA:1,search_matches
FNDA:0,(anonymous_15)
FNDA:1,(anonymous_16)
FNDA:1,search_players
FNDA:0,(anonymous_18)
FNDA:1,(anonymous_19)
DA:4,1
DA:5,1
DA:6,1
DA:7,1
DA:10,1
DA:17,1
DA:27,2
DA:28,1
DA:30,1
DA:41,21
DA:42,21
DA:43,21
DA:45,21
DA:47,10
DA:48,11
DA:49,10
DA:51,10
DA:54,1
DA:70,1
DA:71,1
DA:75,1
DA:79,0
DA:80,0
DA:86,0
DA:87,0
DA:88,0
DA:89,0
DA:90,0
DA:96,1
DA:101,1
DA:102,0
DA:103,0
DA:104,1
DA:105,1
DA:115,1
DA:116,1
DA:117,0
DA:118,0
DA:126,0
DA:127,0
DA:128,0
DA:129,0
DA:130,0
DA:136,1
DA:143,1
DA:144,0
DA:145,0
DA:146,1
DA:147,1
DA:161,1
DA:162,1
DA:173,1
DA:174,0
DA:175,0
DA:176,1
DA:177,1
DA:191,2
DA:192,2
DA:193,2
DA:196,2
DA:197,2
DA:198,0
DA:199,0
DA:200,0
DA:201,2
DA:202,2
DA:203,1
DA:214,1
DA:215,0
DA:216,0
DA:217,1
DA:218,1
DA:223,1
DA:234,1
DA:235,0
DA:236,0
DA:237,1
DA:238,1
DA:243,0
DA:248,0
DA:263,1
DA:267,1
DA:268,1
DA:269,1
DA:272,1
DA:273,1
DA:274,1
DA:275,1
DA:278,1
DA:279,1
DA:280,1
DA:282,1
DA:283,1
DA:286,1
DA:287,1
DA:288,0
DA:291,1
DA:292,1
DA:293,1
DA:297,1
DA:298,0
DA:303,1
DA:305,0
DA:314,0
DA:315,0
DA:316,0
DA:317,0
DA:318,0
DA:324,1
DA:332,1
DA:333,0
DA:334,0
DA:335,1
DA:336,1
DA:349,1
DA:351,1
DA:352,0
DA:355,1
DA:356,0
DA:359,1
DA:360,0
DA:363,1
DA:364,0
DA:367,1
DA:368,1
DA:369,0
DA:373,1
DA:374,1
DA:376,1
DA:377,1
DA:378,1
DA:381,1
DA:382,1
DA:383,1
DA:385,1
DA:386,1
DA:389,1
DA:390,1
DA:391,1
DA:393,1
DA:394,1
DA:397,1
DA:398,1
DA:400,1
DA:401,1
DA:403,1
DA:404,1
DA:405,1
DA:407,1
DA:408,0
DA:417,0
DA:418,0
DA:419,0
DA:420,0
DA:421,0
DA:426,1
DA:434,1
DA:435,0
DA:436,0
DA:437,1
DA:438,1
DA:447,1
LF:162
LH:110
BRDA:27,0,0,1
BRDA:27,0,1,1
BRDA:43,1,0,10
BRDA:43,1,1,11
BRDA:45,2,0,10
BRDA:45,2,1,11
BRDA:48,3,0,10
BRDA:48,3,1,1
BRDA:70,4,0,1
BRDA:70,4,1,0
BRDA:71,5,0,0
BRDA:71,5,1,1
BRDA:75,6,0,0
BRDA:75,6,1,1
BRDA:75,7,0,1
BRDA:75,7,1,0
BRDA:86,8,0,0
BRDA:86,8,1,0
BRDA:89,9,0,0
BRDA:89,9,1,0
BRDA:101,10,0,0
BRDA:101,10,1,1
BRDA:104,11,0,1
BRDA:104,11,1,0
BRDA:115,12,0,0
BRDA:115,12,1,1
BRDA:116,13,0,0
BRDA:116,13,1,1
BRDA:116,14,0,1
BRDA:116,14,1,0
BRDA:126,15,0,0
BRDA:126,15,1,0
BRDA:129,16,0,0
BRDA:129,16,1,0
BRDA:143,17,0,0
BRDA:143,17,1,1
BRDA:146,18,0,1
BRDA:146,18,1,0
BRDA:161,19,0,1
BRDA:161,19,1,0
BRDA:161,20,0,1
BRDA:161,20,1,1
BRDA:173,21,0,0
BRDA:173,21,1,1
BRDA:176,22,0,1
BRDA:176,22,1,0
BRDA:192,23,0,2
BRDA:192,23,1,0
BRDA:192,24,0,2
BRDA:192,24,1,2
BRDA:197,25,0,0
BRDA:197,25,1,2
BRDA:201,26,0,2
BRDA:201,26,1,0
BRDA:202,27,0,1
BRDA:202,27,1,1
BRDA:214,28,0,0
BRDA:214,28,1,1
BRDA:217,29,0,1
BRDA:217,29,1,0
BRDA:234,30,0,0
BRDA:234,30,1,1
BRDA:237,31,0,1
BRDA:237,31,1,0
BRDA:273,32,0,1
BRDA:273,32,1,0
BRDA:278,33,0,1
BRDA:278,33,1,0
BRDA:279,34,0,1
BRDA:279,34,1,0
BRDA:287,35,0,0
BRDA:287,35,1,1
BRDA:287,36,0,1
BRDA:287,36,1,0
BRDA:287,36,2,1
BRDA:287,36,3,0
BRDA:291,37,0,0
BRDA:291,37,1,1
BRDA:291,38,0,1
BRDA:291,38,1,0
BRDA:292,39,0,0
BRDA:292,39,1,1
BRDA:292,40,0,1
BRDA:292,40,1,0
BRDA:297,41,0,0
BRDA:297,41,1,1
BRDA:303,42,0,0
BRDA:303,42,1,1
BRDA:314,43,0,0
BRDA:314,43,1,0
BRDA:317,44,0,0
BRDA:317,44,1,0
BRDA:332,45,0,0
BRDA:332,45,1,1
BRDA:335,46,0,1
BRDA:335,46,1,0
BRDA:351,47,0,0
BRDA:351,47,1,1
BRDA:351,48,0,1
BRDA:351,48,1,0
BRDA:355,49,0,0
BRDA:355,49,1,1
BRDA:355,50,0,1
BRDA:355,50,1,0
BRDA:359,51,0,0
BRDA:359,51,1,1
BRDA:359,52,0,1
BRDA:359,52,1,0
BRDA:363,53,0,0
BRDA:363,53,1,1
BRDA:363,54,0,1
BRDA:363,54,1,0
BRDA:368,55,0,0
BRDA:368,55,1,1
BRDA:368,56,0,1
BRDA:368,56,1,0
BRDA:368,56,2,1
BRDA:368,56,3,0
BRDA:376,57,0,1
BRDA:376,57,1,0
BRDA:381,58,0,1
BRDA:381,58,1,0
BRDA:382,59,0,1
BRDA:382,59,1,0
BRDA:389,60,0,1
BRDA:389,60,1,0
BRDA:390,61,0,1
BRDA:390,61,1,0
BRDA:397,62,0,1
BRDA:397,62,1,0
BRDA:403,63,0,0
BRDA:403,63,1,1
BRDA:403,64,0,1
BRDA:403,64,1,0
BRDA:404,65,0,0
BRDA:404,65,1,1
BRDA:404,66,0,1
BRDA:404,66,1,0
BRDA:407,67,0,0
BRDA:407,67,1,1
BRDA:417,68,0,0
BRDA:417,68,1,0
BRDA:420,69,0,0
BRDA:420,69,1,0
BRDA:434,70,0,0
BRDA:434,70,1,1
BRDA:437,71,0,1
BRDA:437,71,1,0
BRF:148
BRH:73
end_of_record
TN:
SF:server.js
FN:42,(anonymous_0)
FNF:1
FNH:1
FNDA:1,(anonymous_0)
DA:1,1
DA:2,1
DA:3,1
DA:6,1
DA:7,1
DA:9,1
DA:12,1
DA:15,1
DA:18,1
DA:21,1
DA:24,1
DA:27,1
DA:30,1
DA:33,1
DA:36,1
DA:42,1
DA:43,1
DA:46,1
LF:18
LH:18
BRF:0
BRH:0
end_of_record
